<?xml version="1.0" encoding="UTF-8"?>
<project xmlns="http://maven.apache.org/POM/4.0.0" xmlns:xsi="http://www.w3.org/2001/XMLSchema-instance"
	xsi:schemaLocation="http://maven.apache.org/POM/4.0.0 http://maven.apache.org/maven-v4_0_0.xsd">
	<parent>
		<artifactId>contribustory</artifactId>
		<groupId>fr.exanpe</groupId>
		<version>1.0.0-SNAPSHOT</version>
	</parent>
	<modelVersion>4.0.0</modelVersion>
	<artifactId>contribustory-lib</artifactId>
	<name>Contribustory Library</name>
	<description>Enhanced components, services and utilities for Contribustory</description>

	<dependencies>
		<!--
			TODO : externalise and publish generic components and co. into a
			public GitHub repository. <dependency> <groupId>fr.exanpe</groupId>
			<artifactId>exanpe-tapestry-lib</artifactId>
			<version>${project.version}</version> </dependency>
		-->
		<dependency>
			<groupId>org.apache.tapestry</groupId>
			<artifactId>tapestry-core</artifactId>
			<version>${tapestry-release-version}</version>
		</dependency>
		<dependency>
			<groupId>org.apache.tapestry</groupId>
			<artifactId>tapestry-test</artifactId>
			<version>${tapestry-release-version}</version>
			<scope>test</scope>
		</dependency>
		<!-- 
			YUI Integration
		-->
		<dependency>
			<groupId>com.howardlewisship</groupId>
			<artifactId>tapx-yui</artifactId>
			<version>${tapx-release-version}</version>
		</dependency>
		<!--
			Provided by the servlet container, but sometimes referenced in the
			application code.
		-->
		<dependency>
			<groupId>javax.servlet</groupId>
			<artifactId>servlet-api</artifactId>
			<version>2.5</version>
			<scope>provided</scope>
		</dependency>
	</dependencies>
	<build>
		<plugins>
			<plugin>
				<groupId>org.apache.maven.plugins</groupId>
				<artifactId>maven-jar-plugin</artifactId>
				<configuration>
					<archive>
						<manifestEntries>
							<Tapestry-Module-Classes>fr.exanpe.contribustory.lib.services.ContribustoryLibraryModule</Tapestry-Module-Classes>
						</manifestEntries>
					</archive>
				</configuration>
			</plugin>
			<plugin>
				<groupId>org.apache.maven.plugins</groupId>
				<artifactId>maven-source-plugin</artifactId>
			</plugin>
			<plugin>
                <groupId>fr.exanpe</groupId>
                <artifactId>tapestry-tldgen</artifactId>
                <version>0.0.1-SNAPSHOT</version>
                <executions>
                    <execution>
                        <goals>
                            <goal>tld-generate</goal>
                        </goals>
                        <phase>process-classes</phase>
                    </execution>
                </executions>
                <configuration>
                    <uri>http://contribustory.exanpe.fr</uri>
                    <namespace>cbs</namespace>
                    <rootPackage>fr.exanpe.contribustory.lib</rootPackage>
                </configuration>
            </plugin>
		</plugins>
	</build>
</project>